[2016-01-13 10:04:43 +0000] [3140] [INFO] Starting gunicorn 19.3.0
[2016-01-13 10:04:43 +0000] [3140] [INFO] Listening at: http://0.0.0.0:8000 (3140)
[2016-01-13 10:04:43 +0000] [3140] [INFO] Using worker: gevent
[2016-01-13 10:04:43 +0000] [3145] [INFO] Booting worker with pid: 3145
[2016-01-13 10:04:43 +0000] [3146] [INFO] Booting worker with pid: 3146
[2016-01-13 10:04:43 +0000] [3147] [INFO] Booting worker with pid: 3147
[2016-01-13 10:04:43 +0000] [3152] [INFO] Booting worker with pid: 3152
[2016-01-13 12:18:43 +0000] [3140] [INFO] Handling signal: hup
[2016-01-13 12:18:43 +0000] [3140] [INFO] Hang up: Master
[2016-01-13 12:18:43 +0000] [5713] [INFO] Booting worker with pid: 5713
[2016-01-13 12:18:43 +0000] [5714] [INFO] Booting worker with pid: 5714
[2016-01-13 12:18:43 +0000] [5715] [INFO] Booting worker with pid: 5715
[2016-01-13 12:18:43 +0000] [3140] [INFO] Handling signal: hup
[2016-01-13 12:18:43 +0000] [3140] [INFO] Hang up: Master
[2016-01-13 12:18:43 +0000] [5716] [INFO] Booting worker with pid: 5716
[2016-01-13 12:18:43 +0000] [5717] [INFO] Booting worker with pid: 5717
[2016-01-13 12:18:43 +0000] [5718] [INFO] Booting worker with pid: 5718
[2016-01-13 12:18:43 +0000] [5719] [INFO] Booting worker with pid: 5719
[2016-01-13 12:18:43 +0000] [5720] [INFO] Booting worker with pid: 5720
[2016-01-13 12:18:43 +0000] [5713] [INFO] Worker exiting (pid: 5713)
[2016-01-13 12:18:43 +0000] [5714] [INFO] Worker exiting (pid: 5714)
[2016-01-13 12:18:43 +0000] [5716] [INFO] Worker exiting (pid: 5716)
[2016-01-13 12:18:43 +0000] [5715] [INFO] Worker exiting (pid: 5715)
