usage: gunicorn [OPTIONS] [APP_MODULE]
gunicorn: error: unrecognized arguments: VarsService:app
[2016-01-12 11:58:06 +0000] [12436] [INFO] Starting gunicorn 19.3.0
[2016-01-12 11:58:06 +0000] [12436] [INFO] Listening at: http://0.0.0.0:8000 (12436)
[2016-01-12 11:58:06 +0000] [12436] [INFO] Using worker: gevent
[2016-01-12 11:58:06 +0000] [12441] [INFO] Booting worker with pid: 12441
[2016-01-12 11:58:06 +0000] [12442] [INFO] Booting worker with pid: 12442
[2016-01-12 11:58:06 +0000] [12451] [INFO] Booting worker with pid: 12451
[2016-01-12 11:58:06 +0000] [12452] [INFO] Booting worker with pid: 12452
[2016-01-12 19:08:07 +0000] [12436] [INFO] Handling signal: hup
[2016-01-12 19:08:07 +0000] [12436] [INFO] Hang up: Master
[2016-01-12 19:08:07 +0000] [19923] [INFO] Booting worker with pid: 19923
[2016-01-12 19:08:07 +0000] [19924] [INFO] Booting worker with pid: 19924
[2016-01-12 19:08:07 +0000] [19925] [INFO] Booting worker with pid: 19925
[2016-01-12 19:08:07 +0000] [19926] [INFO] Booting worker with pid: 19926
run.sh: line 1: 12436 Killed                  gunicorn -w 4 -k gevent -b 0.0.0.0:8000 VarsService:app
[2016-01-13 15:31:59 +0000] [9081] [INFO] Starting gunicorn 19.3.0
[2016-01-13 15:31:59 +0000] [9081] [INFO] Listening at: http://0.0.0.0:8000 (9081)
[2016-01-13 15:31:59 +0000] [9081] [INFO] Using worker: gevent
[2016-01-13 15:31:59 +0000] [9086] [INFO] Booting worker with pid: 9086
[2016-01-13 15:31:59 +0000] [9087] [INFO] Booting worker with pid: 9087
[2016-01-13 15:31:59 +0000] [9096] [INFO] Booting worker with pid: 9096
[2016-01-13 15:31:59 +0000] [9097] [INFO] Booting worker with pid: 9097
[2016-01-13 20:42:30 +0000] [9081] [INFO] Handling signal: hup
[2016-01-13 20:42:30 +0000] [9081] [INFO] Hang up: Master
[2016-01-13 20:42:30 +0000] [14406] [INFO] Booting worker with pid: 14406
[2016-01-13 20:42:30 +0000] [14407] [INFO] Booting worker with pid: 14407
[2016-01-13 20:42:30 +0000] [14408] [INFO] Booting worker with pid: 14408
[2016-01-13 20:42:30 +0000] [14409] [INFO] Booting worker with pid: 14409
