[2016-01-29 17:38:07 +0000] [20837] [INFO] Starting gunicorn 19.4.4
[2016-01-29 17:38:07 +0000] [20837] [INFO] Listening at: http://0.0.0.0:8000 (20837)
[2016-01-29 17:38:07 +0000] [20837] [INFO] Using worker: gevent
[2016-01-29 17:38:07 +0000] [20842] [INFO] Booting worker with pid: 20842
[2016-01-29 17:38:07 +0000] [20843] [INFO] Booting worker with pid: 20843
[2016-01-29 17:38:07 +0000] [20848] [INFO] Booting worker with pid: 20848
[2016-01-29 17:38:07 +0000] [20854] [INFO] Booting worker with pid: 20854
[2016-01-30 15:33:44 +0000] [22983] [INFO] Starting gunicorn 19.4.4
[2016-01-30 15:33:44 +0000] [22983] [INFO] Listening at: http://0.0.0.0:8000 (22983)
[2016-01-30 15:33:44 +0000] [22983] [INFO] Using worker: gevent
[2016-01-30 15:33:44 +0000] [22988] [INFO] Booting worker with pid: 22988
[2016-01-30 15:33:44 +0000] [22989] [INFO] Booting worker with pid: 22989
[2016-01-30 15:33:44 +0000] [22990] [INFO] Booting worker with pid: 22990
[2016-01-30 15:33:44 +0000] [22993] [INFO] Booting worker with pid: 22993
[2016-02-03 15:11:14 +0000] [30045] [INFO] Starting gunicorn 19.4.4
[2016-02-03 15:11:14 +0000] [30045] [INFO] Listening at: http://0.0.0.0:8000 (30045)
[2016-02-03 15:11:14 +0000] [30045] [INFO] Using worker: gevent
[2016-02-03 15:11:14 +0000] [30050] [INFO] Booting worker with pid: 30050
[2016-02-03 15:11:14 +0000] [30051] [INFO] Booting worker with pid: 30051
[2016-02-03 15:11:14 +0000] [30054] [INFO] Booting worker with pid: 30054
[2016-02-03 15:11:14 +0000] [30056] [INFO] Booting worker with pid: 30056
[2016-02-03 17:27:45 +0000] [31471] [INFO] Starting gunicorn 19.4.4
[2016-02-03 17:27:45 +0000] [31471] [INFO] Listening at: http://0.0.0.0:8000 (31471)
[2016-02-03 17:27:45 +0000] [31471] [INFO] Using worker: gevent
[2016-02-03 17:27:45 +0000] [31477] [INFO] Booting worker with pid: 31477
[2016-02-03 17:27:45 +0000] [31478] [INFO] Booting worker with pid: 31478
[2016-02-03 17:27:45 +0000] [31483] [INFO] Booting worker with pid: 31483
[2016-02-03 17:27:45 +0000] [31492] [INFO] Booting worker with pid: 31492
[2016-02-03 17:27:46 +0000] [31471] [INFO] Handling signal: hup
[2016-02-03 17:27:46 +0000] [31471] [INFO] Hang up: Master
[2016-02-03 17:27:46 +0000] [31495] [INFO] Booting worker with pid: 31495
[2016-02-03 17:27:46 +0000] [31496] [INFO] Booting worker with pid: 31496
[2016-02-03 17:27:46 +0000] [31497] [INFO] Booting worker with pid: 31497
[2016-02-03 17:27:46 +0000] [31498] [INFO] Booting worker with pid: 31498
